2025-02-15T09:46:52.066+04:00  INFO 376 --- [MM_Tobacco_Application] [restartedMain] a.m.m.MmTobaccoApplication               : Starting MmTobaccoApplication using Java 17.0.13 with PID 376 (C:\java_projects\algoritms\MM_Tobacco_Application\target\classes started by Aram in C:\java_projects\algoritms\MM_Tobacco_Application)
2025-02-15T09:46:52.071+04:00 DEBUG 376 --- [MM_Tobacco_Application] [restartedMain] a.m.m.MmTobaccoApplication               : Running with Spring Boot v3.4.1, Spring v6.2.1
2025-02-15T09:46:52.072+04:00  INFO 376 --- [MM_Tobacco_Application] [restartedMain] a.m.m.MmTobaccoApplication               : No active profile set, falling back to 1 default profile: "default"
2025-02-15T09:46:52.127+04:00  INFO 376 --- [MM_Tobacco_Application] [restartedMain] .e.DevToolsPropertyDefaultsPostProcessor : Devtools property defaults active! Set 'spring.devtools.add-properties' to 'false' to disable
2025-02-15T09:46:52.127+04:00  INFO 376 --- [MM_Tobacco_Application] [restartedMain] .e.DevToolsPropertyDefaultsPostProcessor : For additional web related logging consider setting the 'logging.level.web' property to 'DEBUG'
2025-02-15T09:46:53.066+04:00  INFO 376 --- [MM_Tobacco_Application] [restartedMain] .s.d.r.c.RepositoryConfigurationDelegate : Bootstrapping Spring Data JPA repositories in DEFAULT mode.
2025-02-15T09:46:53.147+04:00  INFO 376 --- [MM_Tobacco_Application] [restartedMain] .s.d.r.c.RepositoryConfigurationDelegate : Finished Spring Data repository scanning in 68 ms. Found 2 JPA repository interfaces.
2025-02-15T09:46:54.344+04:00  WARN 376 --- [MM_Tobacco_Application] [restartedMain] trationDelegate$BeanPostProcessorChecker : Bean 'org.springframework.ws.config.annotation.DelegatingWsConfiguration' of type [org.springframework.ws.config.annotation.DelegatingWsConfiguration$$SpringCGLIB$$0] is not eligible for getting processed by all BeanPostProcessors (for example: not eligible for auto-proxying). The currently created BeanPostProcessor [annotationActionEndpointMapping] is declared through a non-static factory method on that class; consider declaring it as static instead.
2025-02-15T09:46:54.454+04:00  INFO 376 --- [MM_Tobacco_Application] [restartedMain] .w.s.a.s.AnnotationActionEndpointMapping : Supporting [WS-Addressing August 2004, WS-Addressing 1.0]
2025-02-15T09:46:54.782+04:00  INFO 376 --- [MM_Tobacco_Application] [restartedMain] o.s.b.w.embedded.tomcat.TomcatWebServer  : Tomcat initialized with port 8080 (http)
2025-02-15T09:46:54.794+04:00  INFO 376 --- [MM_Tobacco_Application] [restartedMain] o.apache.catalina.core.StandardService   : Starting service [Tomcat]
2025-02-15T09:46:54.795+04:00  INFO 376 --- [MM_Tobacco_Application] [restartedMain] o.apache.catalina.core.StandardEngine    : Starting Servlet engine: [Apache Tomcat/10.1.34]
2025-02-15T09:46:54.875+04:00  INFO 376 --- [MM_Tobacco_Application] [restartedMain] o.a.c.c.C.[Tomcat].[localhost].[/]       : Initializing Spring embedded WebApplicationContext
2025-02-15T09:46:54.876+04:00  INFO 376 --- [MM_Tobacco_Application] [restartedMain] w.s.c.ServletWebServerApplicationContext : Root WebApplicationContext: initialization completed in 2747 ms
2025-02-15T09:46:55.074+04:00  INFO 376 --- [MM_Tobacco_Application] [restartedMain] o.hibernate.jpa.internal.util.LogHelper  : HHH000204: Processing PersistenceUnitInfo [name: default]
2025-02-15T09:46:55.140+04:00  INFO 376 --- [MM_Tobacco_Application] [restartedMain] org.hibernate.Version                    : HHH000412: Hibernate ORM core version 6.6.4.Final
2025-02-15T09:46:55.197+04:00  INFO 376 --- [MM_Tobacco_Application] [restartedMain] o.h.c.internal.RegionFactoryInitiator    : HHH000026: Second-level cache disabled
2025-02-15T09:46:55.482+04:00  INFO 376 --- [MM_Tobacco_Application] [restartedMain] o.s.o.j.p.SpringPersistenceUnitInfo      : No LoadTimeWeaver setup: ignoring JPA class transformer
2025-02-15T09:46:55.510+04:00  INFO 376 --- [MM_Tobacco_Application] [restartedMain] com.zaxxer.hikari.HikariDataSource       : HikariPool-1 - Starting...
2025-02-15T09:46:55.879+04:00  INFO 376 --- [MM_Tobacco_Application] [restartedMain] com.zaxxer.hikari.pool.HikariPool        : HikariPool-1 - Added connection com.mysql.cj.jdbc.ConnectionImpl@9a5ca95
2025-02-15T09:46:55.880+04:00  INFO 376 --- [MM_Tobacco_Application] [restartedMain] com.zaxxer.hikari.HikariDataSource       : HikariPool-1 - Start completed.
2025-02-15T09:46:55.973+04:00  INFO 376 --- [MM_Tobacco_Application] [restartedMain] org.hibernate.orm.connections.pooling    : HHH10001005: Database info:
	Database JDBC URL [Connecting through datasource 'HikariDataSource (HikariPool-1)']
	Database driver: undefined/unknown
	Database version: 8.0.39
	Autocommit mode: undefined/unknown
	Isolation level: undefined/unknown
	Minimum pool size: undefined/unknown
	Maximum pool size: undefined/unknown
2025-02-15T09:46:57.097+04:00  INFO 376 --- [MM_Tobacco_Application] [restartedMain] o.h.e.t.j.p.i.JtaPlatformInitiator       : HHH000489: No JTA platform available (set 'hibernate.transaction.jta.platform' to enable JTA platform integration)
2025-02-15T09:46:57.184+04:00  INFO 376 --- [MM_Tobacco_Application] [restartedMain] j.LocalContainerEntityManagerFactoryBean : Initialized JPA EntityManagerFactory for persistence unit 'default'
2025-02-15T09:46:57.446+04:00  INFO 376 --- [MM_Tobacco_Application] [restartedMain] o.s.d.j.r.query.QueryEnhancerFactory     : Hibernate is in classpath; If applicable, HQL parser will be used.
2025-02-15T09:46:58.393+04:00  INFO 376 --- [MM_Tobacco_Application] [restartedMain] r$InitializeUserDetailsManagerConfigurer : Global AuthenticationManager configured with UserDetailsService bean with name userDetailsService
2025-02-15T09:46:58.467+04:00  INFO 376 --- [MM_Tobacco_Application] [restartedMain] o.s.b.a.w.s.WelcomePageHandlerMapping    : Adding welcome page template: index
2025-02-15T09:46:59.111+04:00  INFO 376 --- [MM_Tobacco_Application] [restartedMain] o.s.b.d.a.OptionalLiveReloadServer       : LiveReload server is running on port 35729
2025-02-15T09:46:59.145+04:00  INFO 376 --- [MM_Tobacco_Application] [restartedMain] o.s.b.w.embedded.tomcat.TomcatWebServer  : Tomcat started on port 8080 (http) with context path '/'
2025-02-15T09:46:59.151+04:00  INFO 376 --- [MM_Tobacco_Application] [restartedMain] a.m.m.MmTobaccoApplication               : Started MmTobaccoApplication in 7.485 seconds (process running for 8.842)
2025-02-15T09:47:01.403+04:00  INFO 376 --- [MM_Tobacco_Application] [http-nio-8080-exec-1] o.a.c.c.C.[Tomcat].[localhost].[/]       : Initializing Spring DispatcherServlet 'dispatcherServlet'
2025-02-15T09:47:01.404+04:00  INFO 376 --- [MM_Tobacco_Application] [http-nio-8080-exec-1] o.s.web.servlet.DispatcherServlet        : Initializing Servlet 'dispatcherServlet'
2025-02-15T09:47:01.405+04:00  INFO 376 --- [MM_Tobacco_Application] [http-nio-8080-exec-1] o.s.web.servlet.DispatcherServlet        : Completed initialization in 1 ms
2025-02-15T09:51:47.709+04:00  INFO 376 --- [MM_Tobacco_Application] [http-nio-8080-exec-3] a.m.m.service.ProductService             : Fetching product by ID: 10
2025-02-15T09:58:30.197+04:00  INFO 376 --- [MM_Tobacco_Application] [http-nio-8080-exec-9] a.m.m.service.ProductService             : Fetching product by ID: 2
2025-02-15T10:01:19.046+04:00  INFO 376 --- [MM_Tobacco_Application] [SpringApplicationShutdownHook] o.s.b.w.e.tomcat.GracefulShutdown        : Commencing graceful shutdown. Waiting for active requests to complete
2025-02-15T10:01:19.201+04:00  INFO 376 --- [MM_Tobacco_Application] [tomcat-shutdown] o.s.b.w.e.tomcat.GracefulShutdown        : Graceful shutdown complete
2025-02-15T10:01:19.211+04:00  INFO 376 --- [MM_Tobacco_Application] [SpringApplicationShutdownHook] j.LocalContainerEntityManagerFactoryBean : Closing JPA EntityManagerFactory for persistence unit 'default'
2025-02-15T10:01:19.219+04:00  INFO 376 --- [MM_Tobacco_Application] [SpringApplicationShutdownHook] com.zaxxer.hikari.HikariDataSource       : HikariPool-1 - Shutdown initiated...
2025-02-15T10:01:19.232+04:00  INFO 376 --- [MM_Tobacco_Application] [SpringApplicationShutdownHook] com.zaxxer.hikari.HikariDataSource       : HikariPool-1 - Shutdown completed.
2025-02-15T22:56:33.729+04:00  INFO 29948 --- [MM_Tobacco_Application] [restartedMain] a.m.m.MmTobaccoApplication               : Starting MmTobaccoApplication using Java 17.0.13 with PID 29948 (C:\java_projects\algoritms\MM_Tobacco_Application\target\classes started by Aram in C:\java_projects\algoritms\MM_Tobacco_Application)
2025-02-15T22:56:33.731+04:00 DEBUG 29948 --- [MM_Tobacco_Application] [restartedMain] a.m.m.MmTobaccoApplication               : Running with Spring Boot v3.4.1, Spring v6.2.1
2025-02-15T22:56:33.732+04:00  INFO 29948 --- [MM_Tobacco_Application] [restartedMain] a.m.m.MmTobaccoApplication               : No active profile set, falling back to 1 default profile: "default"
2025-02-15T22:56:33.783+04:00  INFO 29948 --- [MM_Tobacco_Application] [restartedMain] .e.DevToolsPropertyDefaultsPostProcessor : Devtools property defaults active! Set 'spring.devtools.add-properties' to 'false' to disable
2025-02-15T22:56:33.783+04:00  INFO 29948 --- [MM_Tobacco_Application] [restartedMain] .e.DevToolsPropertyDefaultsPostProcessor : For additional web related logging consider setting the 'logging.level.web' property to 'DEBUG'
2025-02-15T22:56:34.667+04:00  INFO 29948 --- [MM_Tobacco_Application] [restartedMain] .s.d.r.c.RepositoryConfigurationDelegate : Bootstrapping Spring Data JPA repositories in DEFAULT mode.
2025-02-15T22:56:34.720+04:00  INFO 29948 --- [MM_Tobacco_Application] [restartedMain] .s.d.r.c.RepositoryConfigurationDelegate : Finished Spring Data repository scanning in 44 ms. Found 2 JPA repository interfaces.
2025-02-15T22:56:34.968+04:00  WARN 29948 --- [MM_Tobacco_Application] [restartedMain] trationDelegate$BeanPostProcessorChecker : Bean 'org.springframework.ws.config.annotation.DelegatingWsConfiguration' of type [org.springframework.ws.config.annotation.DelegatingWsConfiguration$$SpringCGLIB$$0] is not eligible for getting processed by all BeanPostProcessors (for example: not eligible for auto-proxying). The currently created BeanPostProcessor [annotationActionEndpointMapping] is declared through a non-static factory method on that class; consider declaring it as static instead.
2025-02-15T22:56:35.012+04:00  INFO 29948 --- [MM_Tobacco_Application] [restartedMain] .w.s.a.s.AnnotationActionEndpointMapping : Supporting [WS-Addressing August 2004, WS-Addressing 1.0]
2025-02-15T22:56:35.268+04:00  INFO 29948 --- [MM_Tobacco_Application] [restartedMain] o.s.b.w.embedded.tomcat.TomcatWebServer  : Tomcat initialized with port 8080 (http)
2025-02-15T22:56:35.279+04:00  INFO 29948 --- [MM_Tobacco_Application] [restartedMain] o.apache.catalina.core.StandardService   : Starting service [Tomcat]
2025-02-15T22:56:35.280+04:00  INFO 29948 --- [MM_Tobacco_Application] [restartedMain] o.apache.catalina.core.StandardEngine    : Starting Servlet engine: [Apache Tomcat/10.1.34]
2025-02-15T22:56:35.334+04:00  INFO 29948 --- [MM_Tobacco_Application] [restartedMain] o.a.c.c.C.[Tomcat].[localhost].[/]       : Initializing Spring embedded WebApplicationContext
2025-02-15T22:56:35.334+04:00  INFO 29948 --- [MM_Tobacco_Application] [restartedMain] w.s.c.ServletWebServerApplicationContext : Root WebApplicationContext: initialization completed in 1550 ms
2025-02-15T22:56:35.467+04:00  INFO 29948 --- [MM_Tobacco_Application] [restartedMain] o.hibernate.jpa.internal.util.LogHelper  : HHH000204: Processing PersistenceUnitInfo [name: default]
2025-02-15T22:56:35.530+04:00  INFO 29948 --- [MM_Tobacco_Application] [restartedMain] org.hibernate.Version                    : HHH000412: Hibernate ORM core version 6.6.4.Final
2025-02-15T22:56:35.560+04:00  INFO 29948 --- [MM_Tobacco_Application] [restartedMain] o.h.c.internal.RegionFactoryInitiator    : HHH000026: Second-level cache disabled
2025-02-15T22:56:35.792+04:00  INFO 29948 --- [MM_Tobacco_Application] [restartedMain] o.s.o.j.p.SpringPersistenceUnitInfo      : No LoadTimeWeaver setup: ignoring JPA class transformer
2025-02-15T22:56:35.822+04:00  INFO 29948 --- [MM_Tobacco_Application] [restartedMain] com.zaxxer.hikari.HikariDataSource       : HikariPool-1 - Starting...
2025-02-15T22:56:36.141+04:00  INFO 29948 --- [MM_Tobacco_Application] [restartedMain] com.zaxxer.hikari.pool.HikariPool        : HikariPool-1 - Added connection com.mysql.cj.jdbc.ConnectionImpl@c46d657
2025-02-15T22:56:36.142+04:00  INFO 29948 --- [MM_Tobacco_Application] [restartedMain] com.zaxxer.hikari.HikariDataSource       : HikariPool-1 - Start completed.
2025-02-15T22:56:36.222+04:00  INFO 29948 --- [MM_Tobacco_Application] [restartedMain] org.hibernate.orm.connections.pooling    : HHH10001005: Database info:
	Database JDBC URL [Connecting through datasource 'HikariDataSource (HikariPool-1)']
	Database driver: undefined/unknown
	Database version: 8.0.39
	Autocommit mode: undefined/unknown
	Isolation level: undefined/unknown
	Minimum pool size: undefined/unknown
	Maximum pool size: undefined/unknown
2025-02-15T22:56:36.915+04:00  INFO 29948 --- [MM_Tobacco_Application] [restartedMain] o.h.e.t.j.p.i.JtaPlatformInitiator       : HHH000489: No JTA platform available (set 'hibernate.transaction.jta.platform' to enable JTA platform integration)
2025-02-15T22:56:36.975+04:00  INFO 29948 --- [MM_Tobacco_Application] [restartedMain] j.LocalContainerEntityManagerFactoryBean : Initialized JPA EntityManagerFactory for persistence unit 'default'
2025-02-15T22:56:37.198+04:00  INFO 29948 --- [MM_Tobacco_Application] [restartedMain] o.s.d.j.r.query.QueryEnhancerFactory     : Hibernate is in classpath; If applicable, HQL parser will be used.
2025-02-15T22:56:38.168+04:00  INFO 29948 --- [MM_Tobacco_Application] [restartedMain] r$InitializeUserDetailsManagerConfigurer : Global AuthenticationManager configured with UserDetailsService bean with name userDetailsService
2025-02-15T22:56:38.245+04:00  INFO 29948 --- [MM_Tobacco_Application] [restartedMain] o.s.b.a.w.s.WelcomePageHandlerMapping    : Adding welcome page template: index
2025-02-15T22:56:38.951+04:00  INFO 29948 --- [MM_Tobacco_Application] [restartedMain] o.s.b.d.a.OptionalLiveReloadServer       : LiveReload server is running on port 35729
2025-02-15T22:56:39.003+04:00  INFO 29948 --- [MM_Tobacco_Application] [restartedMain] o.s.b.w.embedded.tomcat.TomcatWebServer  : Tomcat started on port 8080 (http) with context path '/'
2025-02-15T22:56:39.011+04:00  INFO 29948 --- [MM_Tobacco_Application] [restartedMain] a.m.m.MmTobaccoApplication               : Started MmTobaccoApplication in 5.728 seconds (process running for 12.75)
2025-02-15T22:56:39.238+04:00  INFO 29948 --- [MM_Tobacco_Application] [http-nio-8080-exec-1] o.a.c.c.C.[Tomcat].[localhost].[/]       : Initializing Spring DispatcherServlet 'dispatcherServlet'
2025-02-15T22:56:39.238+04:00  INFO 29948 --- [MM_Tobacco_Application] [http-nio-8080-exec-1] o.s.web.servlet.DispatcherServlet        : Initializing Servlet 'dispatcherServlet'
2025-02-15T22:56:39.240+04:00  INFO 29948 --- [MM_Tobacco_Application] [http-nio-8080-exec-1] o.s.web.servlet.DispatcherServlet        : Completed initialization in 2 ms
2025-02-15T23:15:39.721+04:00  INFO 29948 --- [MM_Tobacco_Application] [http-nio-8080-exec-3] a.m.m.service.ProductService             : Fetching product by ID: 10
2025-02-15T23:15:53.811+04:00  INFO 29948 --- [MM_Tobacco_Application] [http-nio-8080-exec-6] a.m.m.service.ProductService             : Fetching product by ID: 11
2025-02-15T23:16:39.746+04:00  INFO 29948 --- [MM_Tobacco_Application] [http-nio-8080-exec-6] a.m.m.service.ProductService             : Fetching product by ID: 2
2025-02-15T23:20:27.643+04:00  INFO 29948 --- [MM_Tobacco_Application] [http-nio-8080-exec-4] a.m.m.service.ProductService             : Fetching product by ID: 12
2025-02-15T23:20:33.500+04:00  INFO 29948 --- [MM_Tobacco_Application] [http-nio-8080-exec-2] a.m.m.service.ProductService             : Fetching product by ID: 3
2025-02-15T23:20:35.016+04:00  INFO 29948 --- [MM_Tobacco_Application] [http-nio-8080-exec-8] a.m.m.service.ProductService             : Fetching product by ID: 4
2025-02-15T23:35:42.696+04:00  INFO 29948 --- [MM_Tobacco_Application] [http-nio-8080-exec-6] a.m.m.service.ProductService             : Fetching product by ID: 5
2025-02-15T23:35:44.615+04:00  INFO 29948 --- [MM_Tobacco_Application] [http-nio-8080-exec-8] a.m.m.service.ProductService             : Fetching product by ID: 6
